::1 - - [05/Nov/2015:11:50:01 -0600] "GET / HTTP/1.1" 200 1564
::1 - - [05/Nov/2015:11:50:01 -0600] "GET /?getimg=title HTTP/1.1" 200 6119
::1 - - [05/Nov/2015:11:50:01 -0600] "GET /?getimg=folder HTTP/1.1" 200 537
::1 - - [05/Nov/2015:11:50:01 -0600] "GET /?getimg=favicon HTTP/1.1" 200 5430
::1 - - [05/Nov/2015:11:57:11 -0600] "GET / HTTP/1.1" 200 4
::1 - - [05/Nov/2015:11:57:11 -0600] "GET /favicon.ico HTTP/1.1" 404 311
::1 - - [05/Nov/2015:11:59:06 -0600] "GET / HTTP/1.1" 200 122
::1 - - [05/Nov/2015:11:59:06 -0600] "GET /favicon.ico HTTP/1.1" 404 311
::1 - - [05/Nov/2015:12:06:26 -0600] "GET / HTTP/1.1" 200 121
::1 - - [05/Nov/2015:12:06:26 -0600] "GET /favicon.ico HTTP/1.1" 404 311
::1 - - [05/Nov/2015:12:06:35 -0600] "GET / HTTP/1.1" 200 140
::1 - - [05/Nov/2015:12:06:35 -0600] "GET /favicon.ico HTTP/1.1" 404 311
::1 - - [05/Nov/2015:12:08:12 -0600] "GET / HTTP/1.1" 200 214
::1 - - [05/Nov/2015:12:08:12 -0600] "GET /style.css HTTP/1.1" 404 309
::1 - - [05/Nov/2015:12:08:12 -0600] "GET /favicon.ico HTTP/1.1" 404 311
::1 - - [05/Nov/2015:12:08:12 -0600] "GET / HTTP/1.1" 200 214
::1 - - [05/Nov/2015:12:08:13 -0600] "GET /style.css HTTP/1.1" 404 309
::1 - - [05/Nov/2015:12:08:13 -0600] "GET /favicon.ico HTTP/1.1" 404 311
::1 - - [05/Nov/2015:12:08:13 -0600] "GET /favicon.ico HTTP/1.1" 404 311
::1 - - [05/Nov/2015:12:08:13 -0600] "GET / HTTP/1.1" 200 214
::1 - - [05/Nov/2015:12:08:13 -0600] "GET /style.css HTTP/1.1" 404 309
::1 - - [05/Nov/2015:12:08:13 -0600] "GET /favicon.ico HTTP/1.1" 404 311
::1 - - [05/Nov/2015:12:08:13 -0600] "GET /favicon.ico HTTP/1.1" 404 311
::1 - - [05/Nov/2015:12:08:13 -0600] "GET / HTTP/1.1" 200 214
::1 - - [05/Nov/2015:12:08:13 -0600] "GET /style.css HTTP/1.1" 404 309
::1 - - [05/Nov/2015:12:08:13 -0600] "GET /favicon.ico HTTP/1.1" 404 311
::1 - - [05/Nov/2015:12:08:13 -0600] "GET / HTTP/1.1" 200 214
::1 - - [05/Nov/2015:12:08:13 -0600] "GET /style.css HTTP/1.1" 404 309
::1 - - [05/Nov/2015:12:08:13 -0600] "GET /favicon.ico HTTP/1.1" 404 311
::1 - - [05/Nov/2015:12:08:13 -0600] "GET /favicon.ico HTTP/1.1" 404 311
::1 - - [05/Nov/2015:12:08:13 -0600] "GET / HTTP/1.1" 200 214
::1 - - [05/Nov/2015:12:08:13 -0600] "GET /style.css HTTP/1.1" 404 309
::1 - - [05/Nov/2015:12:08:13 -0600] "GET /favicon.ico HTTP/1.1" 404 311
::1 - - [05/Nov/2015:12:08:13 -0600] "GET /favicon.ico HTTP/1.1" 404 311
::1 - - [05/Nov/2015:12:08:13 -0600] "GET / HTTP/1.1" 200 214
::1 - - [05/Nov/2015:12:08:13 -0600] "GET /style.css HTTP/1.1" 404 309
::1 - - [05/Nov/2015:12:08:13 -0600] "GET /favicon.ico HTTP/1.1" 404 311
::1 - - [05/Nov/2015:12:08:13 -0600] "GET /favicon.ico HTTP/1.1" 404 311
::1 - - [05/Nov/2015:12:08:14 -0600] "GET / HTTP/1.1" 200 214
::1 - - [05/Nov/2015:12:08:14 -0600] "GET /style.css HTTP/1.1" 404 309
::1 - - [05/Nov/2015:12:08:14 -0600] "GET /favicon.ico HTTP/1.1" 404 311
::1 - - [05/Nov/2015:12:08:26 -0600] "GET / HTTP/1.1" 200 218
::1 - - [05/Nov/2015:12:08:26 -0600] "GET /css/style.css HTTP/1.1" 200 130
::1 - - [05/Nov/2015:12:08:26 -0600] "GET /favicon.ico HTTP/1.1" 404 311
::1 - - [05/Nov/2015:12:08:26 -0600] "GET /favicon.ico HTTP/1.1" 404 311
::1 - - [05/Nov/2015:12:09:36 -0600] "GET / HTTP/1.1" 200 218
::1 - - [05/Nov/2015:12:09:36 -0600] "GET /css/style.css HTTP/1.1" 200 130
::1 - - [05/Nov/2015:12:09:36 -0600] "GET /favicon.ico HTTP/1.1" 404 311
::1 - - [05/Nov/2015:12:09:36 -0600] "GET /favicon.ico HTTP/1.1" 404 311
::1 - - [05/Nov/2015:12:10:56 -0600] "GET / HTTP/1.1" 200 218
::1 - - [05/Nov/2015:12:10:56 -0600] "GET /css/style.css HTTP/1.1" 200 307
::1 - - [05/Nov/2015:12:10:56 -0600] "GET /favicon.ico HTTP/1.1" 404 311
::1 - - [05/Nov/2015:12:10:56 -0600] "GET /favicon.ico HTTP/1.1" 404 311
::1 - - [05/Nov/2015:12:11:46 -0600] "GET / HTTP/1.1" 200 218
::1 - - [05/Nov/2015:12:11:46 -0600] "GET /css/style.css HTTP/1.1" 200 336
::1 - - [05/Nov/2015:12:11:46 -0600] "GET /favicon.ico HTTP/1.1" 404 311
::1 - - [05/Nov/2015:12:11:52 -0600] "GET / HTTP/1.1" 200 218
::1 - - [05/Nov/2015:12:11:52 -0600] "GET /css/style.css HTTP/1.1" 200 336
::1 - - [05/Nov/2015:12:11:52 -0600] "GET /favicon.ico HTTP/1.1" 404 311
::1 - - [05/Nov/2015:12:11:52 -0600] "GET /favicon.ico HTTP/1.1" 404 311
::1 - - [05/Nov/2015:12:11:54 -0600] "GET /login.html HTTP/1.1" 200 131
::1 - - [05/Nov/2015:12:12:51 -0600] "GET / HTTP/1.1" 200 218
::1 - - [05/Nov/2015:12:12:51 -0600] "GET /css/style.css HTTP/1.1" 200 506
::1 - - [05/Nov/2015:12:12:51 -0600] "GET /favicon.ico HTTP/1.1" 404 311
::1 - - [05/Nov/2015:12:12:51 -0600] "GET /favicon.ico HTTP/1.1" 404 311
::1 - - [05/Nov/2015:12:12:53 -0600] "GET /login.html HTTP/1.1" 304 -
::1 - - [05/Nov/2015:12:13:08 -0600] "GET / HTTP/1.1" 200 218
::1 - - [05/Nov/2015:12:13:08 -0600] "GET /css/style.css HTTP/1.1" 200 418
::1 - - [05/Nov/2015:12:13:08 -0600] "GET /favicon.ico HTTP/1.1" 404 311
::1 - - [05/Nov/2015:12:13:17 -0600] "GET / HTTP/1.1" 200 218
::1 - - [05/Nov/2015:12:13:17 -0600] "GET /css/style.css HTTP/1.1" 200 418
::1 - - [05/Nov/2015:12:13:17 -0600] "GET /favicon.ico HTTP/1.1" 404 311
::1 - - [05/Nov/2015:12:13:17 -0600] "GET /favicon.ico HTTP/1.1" 404 311
::1 - - [05/Nov/2015:12:13:18 -0600] "GET / HTTP/1.1" 200 218
::1 - - [05/Nov/2015:12:13:18 -0600] "GET /css/style.css HTTP/1.1" 200 418
::1 - - [05/Nov/2015:12:13:18 -0600] "GET /favicon.ico HTTP/1.1" 404 311
::1 - - [05/Nov/2015:12:13:18 -0600] "GET /favicon.ico HTTP/1.1" 404 311
::1 - - [05/Nov/2015:12:13:18 -0600] "GET / HTTP/1.1" 200 218
::1 - - [05/Nov/2015:12:13:18 -0600] "GET /css/style.css HTTP/1.1" 200 418
::1 - - [05/Nov/2015:12:13:18 -0600] "GET /favicon.ico HTTP/1.1" 404 311
::1 - - [05/Nov/2015:12:13:18 -0600] "GET /favicon.ico HTTP/1.1" 404 311
::1 - - [05/Nov/2015:12:13:18 -0600] "GET / HTTP/1.1" 200 218
::1 - - [05/Nov/2015:12:13:18 -0600] "GET /css/style.css HTTP/1.1" 200 418
::1 - - [05/Nov/2015:12:13:18 -0600] "GET /favicon.ico HTTP/1.1" 404 311
::1 - - [05/Nov/2015:12:13:18 -0600] "GET /favicon.ico HTTP/1.1" 404 311
::1 - - [05/Nov/2015:12:13:19 -0600] "GET / HTTP/1.1" 200 218
::1 - - [05/Nov/2015:12:13:19 -0600] "GET /css/style.css HTTP/1.1" 200 418
::1 - - [05/Nov/2015:12:13:19 -0600] "GET /favicon.ico HTTP/1.1" 404 311
::1 - - [05/Nov/2015:12:13:26 -0600] "GET / HTTP/1.1" 200 218
::1 - - [05/Nov/2015:12:13:26 -0600] "GET /css/style.css HTTP/1.1" 200 362
::1 - - [05/Nov/2015:12:13:26 -0600] "GET /favicon.ico HTTP/1.1" 404 311
::1 - - [05/Nov/2015:12:13:26 -0600] "GET /favicon.ico HTTP/1.1" 404 311
::1 - - [05/Nov/2015:12:13:31 -0600] "GET / HTTP/1.1" 200 218
::1 - - [05/Nov/2015:12:13:31 -0600] "GET /css/style.css HTTP/1.1" 200 362
::1 - - [05/Nov/2015:12:13:31 -0600] "GET /favicon.ico HTTP/1.1" 404 311
::1 - - [05/Nov/2015:12:13:31 -0600] "GET /favicon.ico HTTP/1.1" 404 311
::1 - - [05/Nov/2015:12:16:01 -0600] "GET / HTTP/1.1" 200 248
::1 - - [05/Nov/2015:12:16:01 -0600] "GET /css/style.css HTTP/1.1" 200 415
::1 - - [05/Nov/2015:12:16:01 -0600] "GET /favicon.ico HTTP/1.1" 404 311
::1 - - [05/Nov/2015:12:16:02 -0600] "GET / HTTP/1.1" 200 248
::1 - - [05/Nov/2015:12:16:02 -0600] "GET /css/style.css HTTP/1.1" 200 415
::1 - - [05/Nov/2015:12:16:02 -0600] "GET /favicon.ico HTTP/1.1" 404 311
::1 - - [05/Nov/2015:12:16:02 -0600] "GET / HTTP/1.1" 200 248
::1 - - [05/Nov/2015:12:16:02 -0600] "GET /css/style.css HTTP/1.1" 200 415
::1 - - [05/Nov/2015:12:16:02 -0600] "GET /favicon.ico HTTP/1.1" 404 311
::1 - - [05/Nov/2015:12:16:02 -0600] "GET / HTTP/1.1" 200 248
::1 - - [05/Nov/2015:12:16:02 -0600] "GET /css/style.css HTTP/1.1" 200 415
::1 - - [05/Nov/2015:12:16:02 -0600] "GET /favicon.ico HTTP/1.1" 404 311
::1 - - [05/Nov/2015:12:16:03 -0600] "GET / HTTP/1.1" 200 248
::1 - - [05/Nov/2015:12:16:03 -0600] "GET /css/style.css HTTP/1.1" 200 415
::1 - - [05/Nov/2015:12:16:03 -0600] "GET /favicon.ico HTTP/1.1" 404 311
::1 - - [05/Nov/2015:12:16:03 -0600] "GET /favicon.ico HTTP/1.1" 404 311
::1 - - [05/Nov/2015:12:16:03 -0600] "GET / HTTP/1.1" 200 248
::1 - - [05/Nov/2015:12:16:03 -0600] "GET /css/style.css HTTP/1.1" 200 415
::1 - - [05/Nov/2015:12:16:03 -0600] "GET /favicon.ico HTTP/1.1" 404 311
::1 - - [05/Nov/2015:12:16:03 -0600] "GET /favicon.ico HTTP/1.1" 404 311
::1 - - [05/Nov/2015:12:16:03 -0600] "GET / HTTP/1.1" 200 248
::1 - - [05/Nov/2015:12:16:03 -0600] "GET /css/style.css HTTP/1.1" 200 415
::1 - - [05/Nov/2015:12:16:03 -0600] "GET /favicon.ico HTTP/1.1" 404 311
::1 - - [05/Nov/2015:12:16:03 -0600] "GET /favicon.ico HTTP/1.1" 404 311
::1 - - [05/Nov/2015:12:16:03 -0600] "GET / HTTP/1.1" 200 248
::1 - - [05/Nov/2015:12:16:03 -0600] "GET /css/style.css HTTP/1.1" 200 415
::1 - - [05/Nov/2015:12:16:03 -0600] "GET /favicon.ico HTTP/1.1" 404 311
::1 - - [05/Nov/2015:12:16:03 -0600] "GET /favicon.ico HTTP/1.1" 404 311
::1 - - [05/Nov/2015:12:16:03 -0600] "GET / HTTP/1.1" 200 248
::1 - - [05/Nov/2015:12:16:03 -0600] "GET /css/style.css HTTP/1.1" 200 415
::1 - - [05/Nov/2015:12:16:03 -0600] "GET /favicon.ico HTTP/1.1" 404 311
::1 - - [05/Nov/2015:12:16:04 -0600] "GET / HTTP/1.1" 200 248
::1 - - [05/Nov/2015:12:16:04 -0600] "GET /css/style.css HTTP/1.1" 200 415
::1 - - [05/Nov/2015:12:16:04 -0600] "GET /favicon.ico HTTP/1.1" 404 311
::1 - - [05/Nov/2015:12:16:27 -0600] "GET / HTTP/1.1" 200 248
::1 - - [05/Nov/2015:12:16:27 -0600] "GET /css/style.css HTTP/1.1" 200 415
::1 - - [05/Nov/2015:12:16:27 -0600] "GET /favicon.ico HTTP/1.1" 404 311
::1 - - [05/Nov/2015:12:16:28 -0600] "GET / HTTP/1.1" 200 248
::1 - - [05/Nov/2015:12:16:28 -0600] "GET /css/style.css HTTP/1.1" 200 415
::1 - - [05/Nov/2015:12:16:28 -0600] "GET /favicon.ico HTTP/1.1" 404 311
::1 - - [05/Nov/2015:12:18:16 -0600] "GET / HTTP/1.1" 200 248
::1 - - [05/Nov/2015:12:18:16 -0600] "GET /css/style.css HTTP/1.1" 200 415
::1 - - [05/Nov/2015:12:18:16 -0600] "GET /favicon.ico HTTP/1.1" 404 311
::1 - - [05/Nov/2015:12:18:16 -0600] "GET / HTTP/1.1" 200 248
::1 - - [05/Nov/2015:12:18:16 -0600] "GET /css/style.css HTTP/1.1" 200 415
::1 - - [05/Nov/2015:12:18:16 -0600] "GET /favicon.ico HTTP/1.1" 404 311
::1 - - [05/Nov/2015:12:18:16 -0600] "GET /favicon.ico HTTP/1.1" 404 311
::1 - - [05/Nov/2015:12:18:16 -0600] "GET / HTTP/1.1" 200 248
::1 - - [05/Nov/2015:12:18:16 -0600] "GET /css/style.css HTTP/1.1" 200 415
::1 - - [05/Nov/2015:12:18:16 -0600] "GET /favicon.ico HTTP/1.1" 404 311
::1 - - [05/Nov/2015:12:18:16 -0600] "GET /favicon.ico HTTP/1.1" 404 311
::1 - - [05/Nov/2015:12:18:17 -0600] "GET / HTTP/1.1" 200 248
::1 - - [05/Nov/2015:12:18:17 -0600] "GET /css/style.css HTTP/1.1" 200 415
::1 - - [05/Nov/2015:12:18:17 -0600] "GET /favicon.ico HTTP/1.1" 404 311
::1 - - [05/Nov/2015:12:18:17 -0600] "GET /favicon.ico HTTP/1.1" 404 311
::1 - - [05/Nov/2015:12:18:17 -0600] "GET / HTTP/1.1" 200 248
::1 - - [05/Nov/2015:12:18:17 -0600] "GET /css/style.css HTTP/1.1" 200 415
::1 - - [05/Nov/2015:12:18:17 -0600] "GET /favicon.ico HTTP/1.1" 404 311
::1 - - [05/Nov/2015:12:18:17 -0600] "GET /favicon.ico HTTP/1.1" 404 311
::1 - - [05/Nov/2015:12:18:17 -0600] "GET / HTTP/1.1" 200 248
::1 - - [05/Nov/2015:12:18:17 -0600] "GET /css/style.css HTTP/1.1" 200 415
::1 - - [05/Nov/2015:12:18:17 -0600] "GET /favicon.ico HTTP/1.1" 404 311
::1 - - [05/Nov/2015:12:18:17 -0600] "GET /favicon.ico HTTP/1.1" 404 311
::1 - - [05/Nov/2015:12:18:17 -0600] "GET / HTTP/1.1" 200 248
::1 - - [05/Nov/2015:12:18:17 -0600] "GET /css/style.css HTTP/1.1" 200 415
::1 - - [05/Nov/2015:12:18:17 -0600] "GET /favicon.ico HTTP/1.1" 404 311
::1 - - [05/Nov/2015:12:18:17 -0600] "GET /favicon.ico HTTP/1.1" 404 311
::1 - - [05/Nov/2015:12:18:17 -0600] "GET / HTTP/1.1" 200 248
::1 - - [05/Nov/2015:12:18:17 -0600] "GET /css/style.css HTTP/1.1" 200 415
::1 - - [05/Nov/2015:12:18:17 -0600] "GET /favicon.ico HTTP/1.1" 404 311
::1 - - [05/Nov/2015:12:18:17 -0600] "GET /favicon.ico HTTP/1.1" 404 311
::1 - - [05/Nov/2015:12:18:18 -0600] "GET / HTTP/1.1" 200 248
::1 - - [05/Nov/2015:12:18:18 -0600] "GET /css/style.css HTTP/1.1" 200 415
::1 - - [05/Nov/2015:12:18:18 -0600] "GET /favicon.ico HTTP/1.1" 404 311
::1 - - [05/Nov/2015:12:18:18 -0600] "GET /favicon.ico HTTP/1.1" 404 311
::1 - - [05/Nov/2015:12:18:18 -0600] "GET / HTTP/1.1" 200 248
::1 - - [05/Nov/2015:12:18:18 -0600] "GET /css/style.css HTTP/1.1" 200 415
::1 - - [05/Nov/2015:12:18:18 -0600] "GET /favicon.ico HTTP/1.1" 404 311
::1 - - [05/Nov/2015:12:18:18 -0600] "GET /favicon.ico HTTP/1.1" 404 311
::1 - - [05/Nov/2015:12:18:24 -0600] "GET / HTTP/1.1" 200 248
::1 - - [05/Nov/2015:12:18:24 -0600] "GET /css/style.css HTTP/1.1" 200 437
::1 - - [05/Nov/2015:12:18:24 -0600] "GET /favicon.ico HTTP/1.1" 404 311
::1 - - [05/Nov/2015:12:18:25 -0600] "GET / HTTP/1.1" 200 248
::1 - - [05/Nov/2015:12:18:25 -0600] "GET /css/style.css HTTP/1.1" 200 437
::1 - - [05/Nov/2015:12:18:25 -0600] "GET /favicon.ico HTTP/1.1" 404 311
::1 - - [05/Nov/2015:12:18:25 -0600] "GET /favicon.ico HTTP/1.1" 404 311
::1 - - [05/Nov/2015:12:18:25 -0600] "GET / HTTP/1.1" 200 248
::1 - - [05/Nov/2015:12:18:25 -0600] "GET /css/style.css HTTP/1.1" 200 437
::1 - - [05/Nov/2015:12:18:25 -0600] "GET /favicon.ico HTTP/1.1" 404 311
::1 - - [05/Nov/2015:12:18:25 -0600] "GET / HTTP/1.1" 200 248
::1 - - [05/Nov/2015:12:18:25 -0600] "GET /css/style.css HTTP/1.1" 200 437
::1 - - [05/Nov/2015:12:18:25 -0600] "GET /favicon.ico HTTP/1.1" 404 311
::1 - - [05/Nov/2015:12:18:27 -0600] "GET / HTTP/1.1" 200 248
::1 - - [05/Nov/2015:12:18:27 -0600] "GET /css/style.css HTTP/1.1" 200 437
::1 - - [05/Nov/2015:12:18:27 -0600] "GET /favicon.ico HTTP/1.1" 404 311
::1 - - [05/Nov/2015:12:18:28 -0600] "GET / HTTP/1.1" 200 248
::1 - - [05/Nov/2015:12:18:28 -0600] "GET /css/style.css HTTP/1.1" 200 437
::1 - - [05/Nov/2015:12:18:28 -0600] "GET /favicon.ico HTTP/1.1" 404 311
::1 - - [05/Nov/2015:12:18:28 -0600] "GET /favicon.ico HTTP/1.1" 404 311
::1 - - [05/Nov/2015:12:19:13 -0600] "GET / HTTP/1.1" 200 239
::1 - - [05/Nov/2015:12:19:13 -0600] "GET /css/style.css HTTP/1.1" 200 362
::1 - - [05/Nov/2015:12:19:13 -0600] "GET /favicon.ico HTTP/1.1" 404 311
::1 - - [05/Nov/2015:12:51:39 -0600] "GET / HTTP/1.1" 200 243
::1 - - [05/Nov/2015:12:51:39 -0600] "GET /css/style.css HTTP/1.1" 200 362
::1 - - [05/Nov/2015:12:51:39 -0600] "GET /favicon.ico HTTP/1.1" 404 311
::1 - - [05/Nov/2015:12:52:01 -0600] "GET / HTTP/1.1" 200 243
::1 - - [05/Nov/2015:12:52:01 -0600] "GET /css/style.css HTTP/1.1" 200 362
::1 - - [05/Nov/2015:12:52:01 -0600] "GET /favicon.ico HTTP/1.1" 404 311
::1 - - [05/Nov/2015:12:52:01 -0600] "GET /favicon.ico HTTP/1.1" 404 311
::1 - - [05/Nov/2015:12:52:10 -0600] "GET / HTTP/1.1" 200 243
::1 - - [05/Nov/2015:12:52:10 -0600] "GET /css/style.css HTTP/1.1" 200 362
::1 - - [05/Nov/2015:12:52:10 -0600] "GET /favicon.ico HTTP/1.1" 404 311
::1 - - [05/Nov/2015:12:52:15 -0600] "GET / HTTP/1.1" 200 243
::1 - - [05/Nov/2015:12:52:15 -0600] "GET /css/style.css HTTP/1.1" 200 362
::1 - - [05/Nov/2015:12:52:15 -0600] "GET /favicon.ico HTTP/1.1" 404 311
::1 - - [05/Nov/2015:12:52:15 -0600] "GET /favicon.ico HTTP/1.1" 404 311
::1 - - [05/Nov/2015:12:52:21 -0600] "GET / HTTP/1.1" 200 243
::1 - - [05/Nov/2015:12:52:21 -0600] "GET /css/style.css HTTP/1.1" 200 362
::1 - - [05/Nov/2015:12:52:21 -0600] "GET /favicon.ico HTTP/1.1" 404 311
::1 - - [05/Nov/2015:12:52:21 -0600] "GET /favicon.ico HTTP/1.1" 404 311
